<?xml version="1.0" encoding="UTF-8"?>
<!-- Generated by org.testng.reporters.JUnitXMLReporter -->
<testsuite hostname="LAPTOP-DSHRJTV1" ignored="2" name="Test" tests="1" failures="0" timestamp="2021-12-30T09:09:39 IST" time="0.038" errors="0">
  <testcase name="women" time="0.007" classname="com.testng.Ignore_Annotations"/>
  <testcase name="tshirt" time="0.0" classname="com.testng.Ignore_Annotations">
    <ignored/>
  </testcase> <!-- tshirt -->
  <testcase name="men" time="0.0" classname="com.testng.Ignore_Annotations">
    <ignored/>
  </testcase> <!-- men -->
</testsuite> <!-- Test -->
